

New input on Fri, 03 Jun 16 13:35:11 +0000
email = dreeoprea@gmail.com<br>period = 07/22/2016 - 07/24/2016<br>roomType0 = a room for 2 persons - 25€ /night<br>title = roomsReservation<br>

New input on Thu, 09 Jun 16 21:17:04 +0000
guidedTrail0 = Traseu ghidat - Evoluția minieră<br>guidedTrail1 = Traseu ghidat - Geamăna<br>camping = campare 4 persoane - 80lei/noapte<br>email = petri_adrian@yahoo.com<br>period = 06/10/2016 - 06/10/2016<br>title = roomsReservation<br>

New input on Fri, 10 Jun 16 04:47:56 +0000
period = 06/10/2016 - 06/10/2016<br>email = adrian.petri@ullink.com<br>room0 = a 4 persons room - 45€ /night<br>camping = 3 persons camping - 15€ /night<br>guidedTrail0 = Guided trail - The historic center<br>bikes = 2 bikes - 20€/day<br>others = cs<br>title = reservation<br>

New input on Wed, 15 Jun 16 20:06:27 +0000
feedback = Am sa va vizitez pe viitor.
Mi-a placut mult la Rosia Montana, este o zona frumoasa cu un patrimoniu bogat, in primul rand aurul adevarat sunt oamenii, sunt rosienii apoi vin celelalte resurse.
Sper sa se dezvolte turismul, sa se conserve patrimoniul natural, istoric, spiritual, etc.
Va doresc toate cele bune.
Cu stima, Antonio din Deva<br>email = medrutantonio@yahoo.it<br>title = newSuggestion<br>

New input on Sat, 18 Jun 16 12:13:51 +0000
email = crisan.pauldaniel@yahoo.com<br>period = 06/19/2016 - 06/20/2016<br>room0 = a 2 persons room - 25€ /night<br>others = <br>title = reservation<br>

New input on Fri, 24 Jun 16 12:21:38 +0000
period = 07/22/2016 - 07/24/2016<br>room0 = o cameră de 2 persoane - 95lei/noapte<br>room1 = o cameră de 2 persoane - 95lei/noapte<br>guidedTrail0 = Traseu ghidat - Detunata<br>email = usd_07@yahoo.com<br>others = Camerele au baie proprie?<br>title = reservation<br>

New input on Mon, 27 Jun 16 09:23:18 +0000


New input on Tue, 28 Jun 16 13:51:12 +0000
email = razvan.novac.9@gmail.com<br>period = 07/22/2016 - 07/24/2016<br>room0 = a 1 person room - 15€ /night<br>title = reservation<br>

New input on Fri, 01 Jul 16 15:31:21 +0000


New input on Thu, 07 Jul 16 07:19:44 +0000
6-7August = true<br>29-31Iulie = true<br>email = petri_adrian@yahoo.com<br>phone = 0743188186<br>others = er<br>title = reservation<br>

New input on Thu, 07 Jul 16 12:14:39 +0000
email = hera.anca@yahoo.com<br>period = 07/23/2016 - 07/24/2016<br>room0 = a 1 person room - 15€ /night<br>title = reservation<br>

New input on Sat, 09 Jul 16 14:11:01 +0000
email = vermesanteodora@gmail.com<br>period = 07/22/2016 - 07/23/2016<br>room0 = a 3 persons room - 35€/night<br>title = reservation<br>

New input on Mon, 11 Jul 16 05:58:45 +0000
room0 = o cameră de 3 persoane - 139lei/noapte<br>email = vrlmih67@gmail.com<br>period = 07/22/2016 - 07/23/2016<br>title = reservation<br>

New input on Tue, 12 Jul 16 05:48:14 +0000
period = 07/15/2016 - 07/17/2016<br>numberOfPersons = 2<br>email = petri_adrian@yahoo.com<br>phone = 0743188186<br>historicCenterTour = true<br>romanGalleries = true<br>zmeuris = true<br>mocanita = true<br>others = qw<br>title = weekendEventBooking<br>

New input on Fri, 15 Jul 16 06:53:23 +0000
email = mihai@notarmitiu.ro<br>period = 07/22/2016 - 07/23/2016<br>room0 = a 1 person room - 15€/night<br>title = reservation<br>

New input on Sat, 16 Jul 16 01:20:19 +0000


New input on Thu, 28 Jul 16 09:11:24 +0000
email = michele.difede@gmail.com<br>period = 07/29/2016 - 08/01/2016<br>room0 = a 1 person room - 15€/night<br>others = Hi!
My name is Michele, i would love to stay a few day at your place in rosia montana.
I will arrive tomorrow afternoon by car. i'm not sure how long i'm going to stay, would it be possible to extend the booking?
Are there some places to eat local cuisine?
 Thanks for your Answer!
kind regards,
Michele Di Fede<br>title = reservation<br>

New input on Tue, 02 Aug 16 17:54:12 +0000
email = Cmrc89@yahoo.com<br>period = 08/03/2016 - 08/03/2016<br>camping = 2 persons camping - 12€/night<br>title = reservation<br>

New input on Wed, 10 Aug 16 05:59:26 +0000
locality = The Hague<br>feedback = Casa Petri is located at the epicenter of what is shaking in Rosia Montana.There are 3 shops within 2 minutes distance from the house.The owner of Casa Petri was receptive to our request to have someone fetch us (paid) from the closest train station - Vintu de Jos or Alba Iulia.This level of customer service is unheard of elsewhere.Gladly again!<br>title = newReview<br>

New input on Thu, 08 Sep 16 08:19:15 +0000
email = p5.inegru@gmail.com<br>period = 09/09/2016 - 09/11/2016<br>room0 = o cameră de 4 persoane - 159lei/noapte<br>others = Ionut Negru, tel: 0730.11.90.61<br>title = reservation<br>

New input on Fri, 16 Sep 16 22:11:07 +0000


New input on Sun, 20 Nov 16 05:36:59 +0000


New input on Mon, 21 Nov 16 15:11:49 +0000
